<?xml version="1.0" encoding="UTF-8"?>
<testsuite name="mancala.AyoRulesTest" tests="4" skipped="0" failures="0" errors="0" timestamp="2023-12-02T03:16:21" hostname="CIS2430" time="0.063">
  <properties/>
  <testcase name="testCaptureStonesNonEmptyTarget()" classname="mancala.AyoRulesTest" time="0.029"/>
  <testcase name="testMoveStonesOneMove()" classname="mancala.AyoRulesTest" time="0.001"/>
  <testcase name="testDistributeStonesSingleMove()" classname="mancala.AyoRulesTest" time="0.002"/>
  <testcase name="testMoveStonesMultiMove()" classname="mancala.AyoRulesTest" time="0.003"/>
  <system-out><![CDATA[]]></system-out>
  <system-err><![CDATA[]]></system-err>
</testsuite>
